TN:
SF:src\config\plugins\envs.plugin.ts
FNF:0
FNH:0
DA:1,1
DA:2,1
DA:3,1
DA:4,1
DA:5,1
DA:6,1
DA:7,1
DA:8,1
DA:9,1
DA:10,1
DA:11,1
DA:12,1
LF:12
LH:12
BRF:0
BRH:0
end_of_record
TN:
SF:src\data\mongo\init.ts
FN:9,connect
FNF:1
FNH:1
FNDA:4,connect
DA:1,1
DA:2,1
DA:3,1
DA:4,1
DA:5,1
DA:6,1
DA:7,1
DA:8,1
DA:9,1
DA:10,4
DA:11,4
DA:12,4
DA:13,3
DA:14,3
DA:15,1
DA:16,1
DA:17,4
DA:18,1
LF:18
LH:18
BRDA:9,0,0,4
BRDA:13,1,0,3
BRDA:14,2,0,1
BRF:3
BRH:3
end_of_record
TN:
SF:src\data\mongo\models\log.model.ts
FNF:0
FNH:0
DA:1,1
DA:2,1
DA:3,1
DA:4,1
DA:5,1
DA:6,1
DA:7,1
DA:8,1
DA:9,1
DA:10,1
DA:11,1
DA:12,1
DA:13,1
DA:14,1
DA:15,1
DA:16,1
DA:17,1
DA:18,1
DA:19,1
DA:20,1
DA:21,1
DA:22,1
LF:22
LH:22
BRF:0
BRH:0
end_of_record
TN:
SF:src\domain\entities\log.entity.ts
FN:20,LogEntity
FN:28,Object.<anonymous>.LogEntity.fromJson
FN:42,Object.<anonymous>.LogEntity.fromObject
FNF:3
FNH:3
FNDA:10,LogEntity
FNDA:6,Object.<anonymous>.LogEntity.fromJson
FNDA:3,Object.<anonymous>.LogEntity.fromObject
DA:1,5
DA:2,5
DA:3,5
DA:4,5
DA:5,5
DA:6,1
DA:7,1
DA:8,1
DA:9,1
DA:10,1
DA:11,1
DA:12,1
DA:13,1
DA:14,1
DA:15,1
DA:16,1
DA:17,1
DA:18,1
DA:19,1
DA:20,1
DA:21,10
DA:22,10
DA:23,10
DA:24,10
DA:25,10
DA:26,10
DA:27,1
DA:28,1
DA:29,6
DA:30,6
DA:31,6
DA:32,6
DA:33,6
DA:34,6
DA:35,6
DA:36,6
DA:37,6
DA:38,6
DA:39,6
DA:40,6
DA:41,1
DA:42,1
DA:43,3
DA:44,3
DA:45,3
DA:46,3
DA:47,3
DA:48,3
DA:49,3
DA:50,3
DA:51,3
DA:52,1
LF:52
LH:52
BRDA:1,0,0,5
BRDA:20,1,0,10
BRDA:28,2,0,6
BRDA:29,3,0,0
BRDA:42,4,0,3
BRF:5
BRH:4
end_of_record
TN:
SF:src\domain\use-cases\checks\check-service-multiple.ts
FN:12,CheckServiceMultiple
FN:18,callLogs
FN:24,execute
FNF:3
FNH:3
FNDA:1,CheckServiceMultiple
FNDA:2,callLogs
FNDA:2,execute
DA:1,1
DA:2,1
DA:3,1
DA:4,1
DA:5,1
DA:6,1
DA:7,1
DA:8,1
DA:9,1
DA:10,1
DA:11,1
DA:12,1
DA:13,1
DA:14,1
DA:15,1
DA:16,1
DA:17,1
DA:18,1
DA:19,2
DA:20,6
DA:21,2
DA:22,2
DA:23,1
DA:24,1
DA:25,2
DA:26,2
DA:27,2
DA:28,1
DA:29,1
DA:30,1
DA:31,1
DA:32,1
DA:33,1
DA:34,1
DA:35,2
DA:36,2
DA:37,2
DA:38,1
DA:39,1
DA:40,1
DA:41,1
DA:42,1
DA:43,1
DA:44,1
DA:45,1
DA:46,1
DA:47,1
DA:48,2
DA:49,1
LF:49
LH:49
BRDA:12,0,0,1
BRDA:18,1,0,2
BRDA:19,2,0,6
BRDA:24,3,0,2
BRDA:27,4,0,1
BRDA:27,5,0,0
BRDA:28,6,0,1
BRDA:37,7,0,1
BRF:8
BRH:7
end_of_record
TN:
SF:src\domain\use-cases\checks\check-service.ts
FN:12,CheckService
FN:18,execute
FNF:2
FNH:2
FNDA:1,CheckService
FNDA:2,execute
DA:1,1
DA:2,1
DA:3,1
DA:4,1
DA:5,1
DA:6,1
DA:7,1
DA:8,1
DA:9,1
DA:10,1
DA:11,1
DA:12,1
DA:13,1
DA:14,1
DA:15,1
DA:16,1
DA:17,1
DA:18,1
DA:19,2
DA:20,2
DA:21,2
DA:22,1
DA:23,1
DA:24,1
DA:25,1
DA:26,1
DA:27,1
DA:28,1
DA:29,2
DA:30,2
DA:31,2
DA:32,1
DA:33,1
DA:34,1
DA:35,1
DA:36,1
DA:37,1
DA:38,1
DA:39,1
DA:40,1
DA:41,1
DA:42,2
DA:43,1
LF:43
LH:43
BRDA:12,0,0,1
BRDA:18,1,0,2
BRDA:21,2,0,1
BRDA:21,3,0,0
BRDA:22,4,0,1
BRDA:31,5,0,1
BRF:6
BRH:5
end_of_record
TN:
SF:src\domain\use-cases\email\send-log-email.ts
FN:10,SendEmailLogs
FN:15,execute
FNF:2
FNH:2
FNDA:1,SendEmailLogs
FNDA:2,execute
DA:1,1
DA:2,1
DA:3,1
DA:4,1
DA:5,1
DA:6,1
DA:7,1
DA:8,1
DA:9,1
DA:10,1
DA:11,1
DA:12,1
DA:13,1
DA:14,1
DA:15,1
DA:16,2
DA:17,2
DA:18,2
DA:19,2
DA:20,1
DA:21,1
DA:22,1
DA:23,1
DA:24,1
DA:25,1
DA:26,1
DA:27,1
DA:28,1
DA:29,1
DA:30,1
DA:31,1
DA:32,1
DA:33,1
DA:34,1
DA:35,1
DA:36,1
DA:37,1
DA:38,1
DA:39,2
DA:40,1
LF:40
LH:40
BRDA:10,0,0,1
BRDA:15,1,0,2
BRDA:19,2,0,1
BRF:3
BRH:3
end_of_record
TN:
SF:src\infrastructure\datasources\file-system.datasource.ts
FN:11,FileSystemDataSource
FN:15,FileSystemDataSource.createLogsFiles
FN:40,FileSystemDataSource.getLogsFromFile
FN:26,saveLog
FN:50,getLogs
FNF:5
FNH:5
FNDA:8,FileSystemDataSource
FNDA:8,FileSystemDataSource.createLogsFiles
FNDA:3,FileSystemDataSource.getLogsFromFile
FNDA:6,saveLog
FNDA:4,getLogs
DA:1,1
DA:2,1
DA:3,1
DA:4,1
DA:5,1
DA:6,1
DA:7,1
DA:8,1
DA:9,1
DA:10,1
DA:11,1
DA:12,8
DA:13,8
DA:14,1
DA:15,1
DA:16,8
DA:17,8
DA:18,8
DA:19,8
DA:20,24
DA:21,21
DA:22,21
DA:23,8
DA:24,1
DA:25,1
DA:26,1
DA:27,6
DA:28,6
DA:29,6
DA:30,6
DA:31,6
DA:32,4
DA:33,6
DA:34,2
DA:35,2
DA:36,2
DA:37,2
DA:38,6
DA:39,1
DA:40,1
DA:41,3
DA:42,3
DA:43,3
DA:44,3
DA:45,3
DA:46,3
DA:47,3
DA:48,1
DA:49,1
DA:50,1
DA:51,4
DA:52,4
DA:53,1
DA:54,4
DA:55,1
DA:56,4
DA:57,1
DA:58,4
DA:59,1
DA:60,4
DA:61,4
DA:62,1
LF:62
LH:62
BRDA:11,0,0,8
BRDA:15,1,0,8
BRDA:16,2,0,7
BRDA:19,3,0,24
BRDA:20,4,0,3
BRDA:21,5,0,21
BRDA:40,6,0,3
BRDA:42,7,0,0
BRDA:45,8,0,8
BRDA:26,9,0,6
BRDA:31,10,0,2
BRDA:32,11,0,4
BRDA:33,12,0,2
BRDA:50,13,0,4
BRDA:52,14,0,1
BRDA:54,15,0,1
BRDA:56,16,0,1
BRDA:58,17,0,1
BRF:18
BRH:17
end_of_record
TN:
SF:src\infrastructure\datasources\mongo.datasource.ts
FN:6,saveLog
FN:11,getLogs
FNF:2
FNH:2
FNDA:3,saveLog
FNDA:1,getLogs
DA:1,1
DA:2,1
DA:3,1
DA:4,1
DA:5,1
DA:6,1
DA:7,3
DA:8,3
DA:9,3
DA:10,1
DA:11,1
DA:12,1
DA:13,1
DA:14,1
DA:15,1
DA:16,1
DA:17,1
LF:17
LH:17
BRDA:6,0,0,3
BRDA:11,1,0,1
BRF:2
BRH:2
end_of_record
TN:
SF:src\infrastructure\repositories\log.repository.impl.ts
FN:6,LogRepositoryImpl
FN:8,saveLog
FN:12,getLogs
FNF:3
FNH:3
FNDA:1,LogRepositoryImpl
FNDA:1,saveLog
FNDA:1,getLogs
DA:1,1
DA:2,1
DA:3,1
DA:4,1
DA:5,1
DA:6,1
DA:7,1
DA:8,1
DA:9,1
DA:10,1
DA:11,1
DA:12,1
DA:13,1
DA:14,1
DA:15,1
LF:15
LH:15
BRDA:6,0,0,1
BRDA:8,1,0,1
BRDA:12,2,0,1
BRF:3
BRH:3
end_of_record
TN:
SF:src\presentation\cron\cron-service.ts
FN:7,createJob
FNF:1
FNH:1
FNDA:1,createJob
DA:1,1
DA:2,1
DA:3,1
DA:4,1
DA:5,1
DA:6,1
DA:7,1
DA:8,1
DA:9,1
DA:10,1
DA:11,1
DA:12,1
DA:13,1
DA:14,1
LF:14
LH:14
BRDA:7,0,0,1
BRF:1
BRH:1
end_of_record
TN:
SF:src\presentation\email\email.service.ts
FN:18,EmailService
FN:27,sendEmail
FN:43,sendEmailWithFileSystemLogs
FNF:3
FNH:3
FNDA:1,EmailService
FNDA:2,sendEmail
FNDA:1,sendEmailWithFileSystemLogs
DA:1,1
DA:2,1
DA:3,1
DA:4,1
DA:5,1
DA:6,1
DA:7,1
DA:8,1
DA:9,1
DA:10,1
DA:11,1
DA:12,1
DA:13,1
DA:14,1
DA:15,1
DA:16,1
DA:17,1
DA:18,1
DA:19,1
DA:20,1
DA:21,1
DA:22,1
DA:23,1
DA:24,1
DA:25,1
DA:26,1
DA:27,1
DA:28,2
DA:29,2
DA:30,2
DA:31,2
DA:32,2
DA:33,2
DA:34,2
DA:35,2
DA:36,2
DA:37,2
DA:38,2
DA:39,0
DA:40,0
DA:41,2
DA:42,1
DA:43,1
DA:44,1
DA:45,1
DA:46,1
DA:47,1
DA:48,1
DA:49,1
DA:50,1
DA:51,1
DA:52,1
DA:53,1
DA:54,1
DA:55,1
DA:56,1
DA:57,1
DA:58,1
LF:58
LH:56
BRDA:18,0,0,1
BRDA:27,1,0,2
BRDA:38,2,0,0
BRDA:43,3,0,1
BRF:4
BRH:3
end_of_record
